<?xml version="1.0" encoding="UTF-8"?>
<!-- Generated by org.testng.reporters.JUnitReportReporter -->
<testsuite hostname="Binay" failures="0" tests="1" name="binaykanthal.tests.ErrorValidation" time="67.446" errors="0" timestamp="2025-08-17T13:15:55 IST" skipped="0">
  <testcase classname="binaykanthal.tests.ErrorValidation" name="submitTest" time="67.446"/>
</testsuite> <!-- binaykanthal.tests.ErrorValidation -->
