<?xml version="1.0" encoding="UTF-8"?>
<!-- Generated by org.testng.reporters.JUnitReportReporter -->
<testsuite hostname="Binay" failures="0" tests="2" name="binaykanthal.tests.DataProviderTest" time="59.216" errors="0" timestamp="2025-08-17T18:48:23 IST" skipped="0">
  <testcase classname="binaykanthal.tests.DataProviderTest" name="dummyErrorValidation" time="31.977"/>
  <testcase classname="binaykanthal.tests.DataProviderTest" name="dummyErrorValidation" time="27.239"/>
</testsuite> <!-- binaykanthal.tests.DataProviderTest -->
