<?xml version="1.0" encoding="UTF-8"?>
<!-- Generated by org.testng.reporters.JUnitReportReporter -->
<testsuite hostname="Binay" failures="0" tests="2" name="binaykanthal.tests.SubmitOrderTest" time="93.408" errors="0" timestamp="2025-08-23T12:25:31 IST" skipped="0">
  <testcase classname="binaykanthal.tests.SubmitOrderTest" name="submitTest" time="38.023"/>
  <testcase classname="binaykanthal.tests.SubmitOrderTest" name="verifyOrderHistory" time="55.385"/>
</testsuite> <!-- binaykanthal.tests.SubmitOrderTest -->
